Arguments: 
  C:\Program Files\nodejs\node.exe C:\Program Files (x86)\Yarn\bin\yarn.js start

PATH: 
  c:\windows\system32;C:\Program Files\Git\cmd;C:\Program Files\nodejs;C:\Program Files (x86)\Yarn\bin\;C:\Windows;C:\Windows\system32\wbem;C:\Users\Administrator\AppData\Local\Programs\Python\Python36\Scripts\;C:\Users\Administrator\AppData\Local\Programs\Python\Python36\;D:\devtools\jdk1.7.0_17\bin;D:\devtools\play-2.1.0;C:\Users\Administrator\AppData\Roaming\npm;C:\Users\Administrator\AppData\Local\GitHubDesktop\bin;D:\devtools\vscode\Microsoft VS Code\bin;C:\Users\Administrator\AppData\Local\Yarn\bin

Yarn version: 
  1.5.1

Node version: 
  8.7.0

Platform: 
  win32 x64

npm manifest: 
  No manifest

yarn manifest: 
  No manifest

Lockfile: 
  No lockfile

Trace: 
  Error: Couldn't find a package.json file in "E:\\git\\react"
      at new MessageError (C:\Program Files (x86)\Yarn\lib\cli.js:186:110)
      at C:\Program Files (x86)\Yarn\lib\cli.js:40048:15
      at Generator.next (<anonymous>)
      at step (C:\Program Files (x86)\Yarn\lib\cli.js:98:30)
      at C:\Program Files (x86)\Yarn\lib\cli.js:109:13
      at <anonymous>
